kotlin version: 2.1.21
error message: org.jetbrains.kotlin.backend.common.BackendException: Backend Internal error: Exception during IR lowering
File being compiled: D:/androidProjects/YandexSummerSchool/core/common/src/main/java/com/example/yandexsummerschool/ui/common/components/BottomNavigationBar.kt
The root cause java.lang.RuntimeException was thrown at: org.jetbrains.kotlin.backend.jvm.codegen.FunctionCodegen.generate(FunctionCodegen.kt:48)
	at org.jetbrains.kotlin.backend.common.CodegenUtil.reportBackendException(CodegenUtil.kt:107)
	at org.jetbrains.kotlin.backend.common.CodegenUtil.reportBackendException$default(CodegenUtil.kt:90)
	at org.jetbrains.kotlin.backend.common.phaser.PerformByIrFilePhase.invokeSequential(performByIrFile.kt:54)
	at org.jetbrains.kotlin.backend.common.phaser.PerformByIrFilePhase.invoke(performByIrFile.kt:41)
	at org.jetbrains.kotlin.backend.common.phaser.PerformByIrFilePhase.invoke(performByIrFile.kt:27)
	at org.jetbrains.kotlin.config.phaser.CompilerPhaseKt.invokeToplevel(CompilerPhase.kt:62)
	at org.jetbrains.kotlin.backend.jvm.JvmIrCodegenFactory.invokeCodegen(JvmIrCodegenFactory.kt:371)
	at org.jetbrains.kotlin.cli.jvm.compiler.KotlinToJVMBytecodeCompiler.runCodegen$cli(KotlinToJVMBytecodeCompiler.kt:413)
	at org.jetbrains.kotlin.cli.pipeline.jvm.JvmBackendPipelinePhase.executePhase(JvmBackendPipelinePhase.kt:98)
	at org.jetbrains.kotlin.cli.pipeline.jvm.JvmBackendPipelinePhase.executePhase(JvmBackendPipelinePhase.kt:30)
	at org.jetbrains.kotlin.cli.pipeline.PipelinePhase.phaseBody(PipelinePhase.kt:68)
	at org.jetbrains.kotlin.cli.pipeline.PipelinePhase.phaseBody(PipelinePhase.kt:58)
	at org.jetbrains.kotlin.config.phaser.SimpleNamedCompilerPhase.phaseBody(CompilerPhase.kt:215)
	at org.jetbrains.kotlin.config.phaser.NamedCompilerPhase.invoke(CompilerPhase.kt:111)
	at org.jetbrains.kotlin.backend.common.phaser.CompositePhase.invoke(PhaseBuilders.kt:28)
	at org.jetbrains.kotlin.config.phaser.CompilerPhaseKt.invokeToplevel(CompilerPhase.kt:62)
	at org.jetbrains.kotlin.cli.pipeline.AbstractCliPipeline.runPhasedPipeline(AbstractCliPipeline.kt:106)
	at org.jetbrains.kotlin.cli.pipeline.AbstractCliPipeline.execute(AbstractCliPipeline.kt:65)
	at org.jetbrains.kotlin.cli.jvm.K2JVMCompiler.doExecutePhased(K2JVMCompiler.kt:61)
	at org.jetbrains.kotlin.cli.jvm.K2JVMCompiler.doExecutePhased(K2JVMCompiler.kt:36)
	at org.jetbrains.kotlin.cli.common.CLICompiler.execImpl(CLICompiler.kt:80)
	at org.jetbrains.kotlin.cli.common.CLICompiler.exec(CLICompiler.kt:337)
	at org.jetbrains.kotlin.incremental.IncrementalJvmCompilerRunner.runCompiler(IncrementalJvmCompilerRunner.kt:466)
	at org.jetbrains.kotlin.incremental.IncrementalJvmCompilerRunner.runCompiler(IncrementalJvmCompilerRunner.kt:75)
	at org.jetbrains.kotlin.incremental.IncrementalCompilerRunner.doCompile(IncrementalCompilerRunner.kt:514)
	at org.jetbrains.kotlin.incremental.IncrementalCompilerRunner.compileImpl(IncrementalCompilerRunner.kt:431)
	at org.jetbrains.kotlin.incremental.IncrementalCompilerRunner.compileNonIncrementally(IncrementalCompilerRunner.kt:310)
	at org.jetbrains.kotlin.incremental.IncrementalCompilerRunner.compile(IncrementalCompilerRunner.kt:137)
	at org.jetbrains.kotlin.daemon.CompileServiceImplBase.execIncrementalCompiler(CompileServiceImpl.kt:678)
	at org.jetbrains.kotlin.daemon.CompileServiceImplBase.access$execIncrementalCompiler(CompileServiceImpl.kt:92)
	at org.jetbrains.kotlin.daemon.CompileServiceImpl.compile(CompileServiceImpl.kt:1805)
	at java.base/jdk.internal.reflect.NativeMethodAccessorImpl.invoke0(Native Method)
	at java.base/jdk.internal.reflect.NativeMethodAccessorImpl.invoke(NativeMethodAccessorImpl.java:77)
	at java.base/jdk.internal.reflect.DelegatingMethodAccessorImpl.invoke(DelegatingMethodAccessorImpl.java:43)
	at java.base/java.lang.reflect.Method.invoke(Method.java:568)
	at java.rmi/sun.rmi.server.UnicastServerRef.dispatch(UnicastServerRef.java:360)
	at java.rmi/sun.rmi.transport.Transport$1.run(Transport.java:200)
	at java.rmi/sun.rmi.transport.Transport$1.run(Transport.java:197)
	at java.base/java.security.AccessController.doPrivileged(AccessController.java:712)
	at java.rmi/sun.rmi.transport.Transport.serviceCall(Transport.java:196)
	at java.rmi/sun.rmi.transport.tcp.TCPTransport.handleMessages(TCPTransport.java:587)
	at java.rmi/sun.rmi.transport.tcp.TCPTransport$ConnectionHandler.run0(TCPTransport.java:828)
	at java.rmi/sun.rmi.transport.tcp.TCPTransport$ConnectionHandler.lambda$run$0(TCPTransport.java:705)
	at java.base/java.security.AccessController.doPrivileged(AccessController.java:399)
	at java.rmi/sun.rmi.transport.tcp.TCPTransport$ConnectionHandler.run(TCPTransport.java:704)
	at java.base/java.util.concurrent.ThreadPoolExecutor.runWorker(ThreadPoolExecutor.java:1136)
	at java.base/java.util.concurrent.ThreadPoolExecutor$Worker.run(ThreadPoolExecutor.java:635)
	at java.base/java.lang.Thread.run(Thread.java:840)
Caused by: java.lang.RuntimeException: Exception while generating code for:
FUN LOCAL_FUNCTION_FOR_LAMBDA name:BottomNavigationBar$lambda$8 visibility:private modality:FINAL <> ($navController:androidx.navigation.NavController, $this$NavigationBar:androidx.compose.foundation.layout.RowScope) returnType:kotlin.Unit?
  VALUE_PARAMETER BOUND_VALUE_PARAMETER name:$navController index:0 type:androidx.navigation.NavController
  VALUE_PARAMETER name:$this$NavigationBar index:1 type:androidx.compose.foundation.layout.RowScope
  BLOCK_BODY
    VAR PROPERTY_DELEGATE name:backStackEntry$delegate type:androidx.compose.runtime.State<androidx.navigation.NavBackStackEntry?> [val]
      CALL 'public final fun currentBackStackEntryAsState (): androidx.compose.runtime.State<androidx.navigation.NavBackStackEntry?> declared in androidx.navigation.compose.NavHostControllerKt' type=androidx.compose.runtime.State<androidx.navigation.NavBackStackEntry?> origin=null
        $receiver: GET_VAR '$navController: androidx.navigation.NavController declared in com.example.yandexsummerschool.ui.common.components.BottomNavigationBarKt.BottomNavigationBar$lambda$8' type=androidx.navigation.NavController origin=null
    VAR name:currentRoute type:kotlin.String? [val]
      BLOCK type=kotlin.String? origin=FOLDED_SAFE_CALL
        WHEN type=kotlin.String? origin=FOLDED_SAFE_CALL
          BRANCH
            if: CALL 'public final fun ANDAND (arg0: kotlin.Boolean, arg1: kotlin.Boolean): kotlin.Boolean declared in kotlin.internal.ir' type=kotlin.Boolean origin=null
              arg0: COMPOSITE type=kotlin.Boolean origin=null
                VAR IR_TEMPORARY_VARIABLE name:tmp0_safe_receiver type:androidx.navigation.NavBackStackEntry? [val]
                  CALL 'private final fun BottomNavigationBar$lambda$8$lambda$0 ($backStackEntry$delegate: androidx.compose.runtime.State<androidx.navigation.NavBackStackEntry?>): androidx.navigation.NavBackStackEntry? declared in com.example.yandexsummerschool.ui.common.components.BottomNavigationBarKt' type=androidx.navigation.NavBackStackEntry? origin=GET_LOCAL_PROPERTY
                    $backStackEntry$delegate: GET_VAR 'val backStackEntry$delegate: androidx.compose.runtime.State<androidx.navigation.NavBackStackEntry?> [val] declared in com.example.yandexsummerschool.ui.common.components.BottomNavigationBarKt.BottomNavigationBar$lambda$8' type=androidx.compose.runtime.State<androidx.navigation.NavBackStackEntry?> origin=null
                CALL 'public final fun not (): kotlin.Boolean [operator] declared in kotlin.Boolean' type=kotlin.Boolean origin=null
                  $this: CALL 'public final fun EQEQ (arg0: kotlin.Any?, arg1: kotlin.Any?): kotlin.Boolean declared in kotlin.internal.ir' type=kotlin.Boolean origin=null
                    arg0: GET_VAR 'val tmp0_safe_receiver: androidx.navigation.NavBackStackEntry? [val] declared in com.example.yandexsummerschool.ui.common.components.BottomNavigationBarKt.BottomNavigationBar$lambda$8' type=androidx.navigation.NavBackStackEntry? origin=null
                    arg1: CONST Null type=kotlin.Nothing? value=null
              arg1: COMPOSITE type=kotlin.Boolean origin=null
                VAR IR_TEMPORARY_VARIABLE name:tmp1_safe_receiver type:androidx.navigation.NavDestination [val]
                  CALL 'public final fun <get-destination> (): androidx.navigation.NavDestination declared in androidx.navigation.NavBackStackEntry' type=androidx.navigation.NavDestination origin=GET_PROPERTY
                    $this: GET_VAR 'val tmp0_safe_receiver: androidx.navigation.NavBackStackEntry? [val] declared in com.example.yandexsummerschool.ui.common.components.BottomNavigationBarKt.BottomNavigationBar$lambda$8' type=androidx.navigation.NavBackStackEntry? origin=null
                CALL 'public final fun not (): kotlin.Boolean [operator] declared in kotlin.Boolean' type=kotlin.Boolean origin=null
                  $this: CALL 'public final fun EQEQ (arg0: kotlin.Any?, arg1: kotlin.Any?): kotlin.Boolean declared in kotlin.internal.ir' type=kotlin.Boolean origin=null
                    arg0: GET_VAR 'val tmp1_safe_receiver: androidx.navigation.NavDestination [val] declared in com.example.yandexsummerschool.ui.common.components.BottomNavigationBarKt.BottomNavigationBar$lambda$8' type=androidx.navigation.NavDestination origin=null
                    arg1: CONST Null type=kotlin.Nothing? value=null
            then: CALL 'public final fun <get-route> (): kotlin.String? declared in androidx.navigation.NavDestination' type=kotlin.String? origin=GET_PROPERTY
              $this: GET_VAR 'val tmp1_safe_receiver: androidx.navigation.NavDestination [val] declared in com.example.yandexsummerschool.ui.common.components.BottomNavigationBarKt.BottomNavigationBar$lambda$8' type=androidx.navigation.NavDestination? origin=null
          BRANCH
            if: CONST Boolean type=kotlin.Boolean value=true
            then: CONST Null type=kotlin.Nothing? value=null
    VAR name:operationType type:kotlin.String? [val]
      BLOCK type=@[EnhancedNullability] kotlin.String? origin=FOLDED_SAFE_CALL
        WHEN type=@[EnhancedNullability] kotlin.String? origin=FOLDED_SAFE_CALL
          BRANCH
            if: CALL 'public final fun ANDAND (arg0: kotlin.Boolean, arg1: kotlin.Boolean): kotlin.Boolean declared in kotlin.internal.ir' type=kotlin.Boolean origin=null
              arg0: COMPOSITE type=kotlin.Boolean origin=null
                VAR IR_TEMPORARY_VARIABLE name:tmp2_safe_receiver type:androidx.navigation.NavBackStackEntry? [val]
                  CALL 'private final fun BottomNavigationBar$lambda$8$lambda$0 ($backStackEntry$delegate: androidx.compose.runtime.State<androidx.navigation.NavBackStackEntry?>): androidx.navigation.NavBackStackEntry? declared in com.example.yandexsummerschool.ui.common.components.BottomNavigationBarKt' type=androidx.navigation.NavBackStackEntry? origin=GET_LOCAL_PROPERTY
                    $backStackEntry$delegate: GET_VAR 'val backStackEntry$delegate: androidx.compose.runtime.State<androidx.navigation.NavBackStackEntry?> [val] declared in com.example.yandexsummerschool.ui.common.components.BottomNavigationBarKt.BottomNavigationBar$lambda$8' type=androidx.compose.runtime.State<androidx.navigation.NavBackStackEntry?> origin=null
                CALL 'public final fun not (): kotlin.Boolean [operator] declared in kotlin.Boolean' type=kotlin.Boolean origin=null
                  $this: CALL 'public final fun EQEQ (arg0: kotlin.Any?, arg1: kotlin.Any?): kotlin.Boolean declared in kotlin.internal.ir' type=kotlin.Boolean origin=null
                    arg0: GET_VAR 'val tmp2_safe_receiver: androidx.navigation.NavBackStackEntry? [val] declared in com.example.yandexsummerschool.ui.common.components.BottomNavigationBarKt.BottomNavigationBar$lambda$8' type=androidx.navigation.NavBackStackEntry? origin=null
                    arg1: CONST Null type=kotlin.Nothing? value=null
              arg1: COMPOSITE type=kotlin.Boolean origin=null
                VAR IR_TEMPORARY_VARIABLE name:tmp3_safe_receiver type:android.os.Bundle? [val]
                  CALL 'public final fun <get-arguments> (): android.os.Bundle? declared in androidx.navigation.NavBackStackEntry' type=android.os.Bundle? origin=GET_PROPERTY
                    $this: GET_VAR 'val tmp2_safe_receiver: androidx.navigation.NavBackStackEntry? [val] declared in com.example.yandexsummerschool.ui.common.components.BottomNavigationBarKt.BottomNavigationBar$lambda$8' type=androidx.navigation.NavBackStackEntry? origin=null
                CALL 'public final fun not (): kotlin.Boolean [operator] declared in kotlin.Boolean' type=kotlin.Boolean origin=null
                  $this: CALL 'public final fun EQEQ (arg0: kotlin.Any?, arg1: kotlin.Any?): kotlin.Boolean declared in kotlin.internal.ir' type=kotlin.Boolean origin=null
                    arg0: GET_VAR 'val tmp3_safe_receiver: android.os.Bundle? [val] declared in com.example.yandexsummerschool.ui.common.components.BottomNavigationBarKt.BottomNavigationBar$lambda$8' type=android.os.Bundle? origin=null
                    arg1: CONST Null type=kotlin.Nothing? value=null
            then: CALL 'public open fun getString (p0: @[EnhancedNullability] kotlin.String?): @[EnhancedNullability] kotlin.String? [fake_override] declared in android.os.Bundle' type=@[EnhancedNullability] kotlin.String? origin=null
              $this: GET_VAR 'val tmp3_safe_receiver: android.os.Bundle? [val] declared in com.example.yandexsummerschool.ui.common.components.BottomNavigationBarKt.BottomNavigationBar$lambda$8' type=android.os.Bundle? origin=null
              p0: CONST String type=kotlin.String value="operationType"
          BRANCH
            if: CONST Boolean type=kotlin.Boolean value=true
            then: CONST Null type=kotlin.Nothing? value=null
    VAR name:isIncome type:kotlin.Boolean? [val]
      BLOCK type=kotlin.Boolean? origin=FOLDED_SAFE_CALL
        WHEN type=kotlin.Boolean? origin=FOLDED_SAFE_CALL
          BRANCH
            if: CALL 'public final fun ANDAND (arg0: kotlin.Boolean, arg1: kotlin.Boolean): kotlin.Boolean declared in kotlin.internal.ir' type=kotlin.Boolean origin=null
              arg0: COMPOSITE type=kotlin.Boolean origin=null
                VAR IR_TEMPORARY_VARIABLE name:tmp4_safe_receiver type:androidx.navigation.NavBackStackEntry? [val]
                  CALL 'private final fun BottomNavigationBar$lambda$8$lambda$0 ($backStackEntry$delegate: androidx.compose.runtime.State<androidx.navigation.NavBackStackEntry?>): androidx.navigation.NavBackStackEntry? declared in com.example.yandexsummerschool.ui.common.components.BottomNavigationBarKt' type=androidx.navigation.NavBackStackEntry? origin=GET_LOCAL_PROPERTY
                    $backStackEntry$delegate: GET_VAR 'val backStackEntry$delegate: androidx.compose.runtime.State<androidx.navigation.NavBackStackEntry?> [val] declared in com.example.yandexsummerschool.ui.common.components.BottomNavigationBarKt.BottomNavigationBar$lambda$8' type=androidx.compose.runtime.State<androidx.navigation.NavBackStackEntry?> origin=null
                CALL 'public final fun not (): kotlin.Boolean [operator] declared in kotlin.Boolean' type=kotlin.Boolean origin=null
                  $this: CALL 'public final fun EQEQ (arg0: kotlin.Any?, arg1: kotlin.Any?): kotlin.Boolean declared in kotlin.internal.ir' type=kotlin.Boolean origin=null
                    arg0: GET_VAR 'val tmp4_safe_receiver: androidx.navigation.NavBackStackEntry? [val] declared in com.example.yandexsummerschool.ui.common.components.BottomNavigationBarKt.BottomNavigationBar$lambda$8' type=androidx.navigation.NavBackStackEntry? origin=null
                    arg1: CONST Null type=kotlin.Nothing? value=null
              arg1: COMPOSITE type=kotlin.Boolean origin=null
                VAR IR_TEMPORARY_VARIABLE name:tmp5_safe_receiver type:android.os.Bundle? [val]
                  CALL 'public final fun <get-arguments> (): android.os.Bundle? declared in androidx.navigation.NavBackStackEntry' type=android.os.Bundle? origin=GET_PROPERTY
                    $this: GET_VAR 'val tmp4_safe_receiver: androidx.navigation.NavBackStackEntry? [val] declared in com.example.yandexsummerschool.ui.common.components.BottomNavigationBarKt.BottomNavigationBar$lambda$8' type=androidx.navigation.NavBackStackEntry? origin=null
                CALL 'public final fun not (): kotlin.Boolean [operator] declared in kotlin.Boolean' type=kotlin.Boolean origin=null
                  $this: CALL 'public final fun EQEQ (arg0: kotlin.Any?, arg1: kotlin.Any?): kotlin.Boolean declared in kotlin.internal.ir' type=kotlin.Boolean origin=null
                    arg0: GET_VAR 'val tmp5_safe_receiver: android.os.Bundle? [val] declared in com.example.yandexsummerschool.ui.common.components.BottomNavigationBarKt.BottomNavigationBar$lambda$8' type=android.os.Bundle? origin=null
                    arg1: CONST Null type=kotlin.Nothing? value=null
            then: CALL 'public open fun getBoolean (p0: @[FlexibleNullability] kotlin.String?): kotlin.Boolean [fake_override] declared in android.os.Bundle' type=kotlin.Boolean origin=null
              $this: GET_VAR 'val tmp5_safe_receiver: android.os.Bundle? [val] declared in com.example.yandexsummerschool.ui.common.components.BottomNavigationBarKt.BottomNavigationBar$lambda$8' type=android.os.Bundle? origin=null
              p0: CONST String type=kotlin.String value="isIncome"
          BRANCH
            if: CONST Boolean type=kotlin.Boolean value=true
            then: CONST Null type=kotlin.Nothing? value=null
    VAR name:rootRoute type:kotlin.String? [val]
      BLOCK type=kotlin.String? origin=WHEN
        VAR IR_TEMPORARY_VARIABLE name:tmp6_subject type:kotlin.String? [val]
          GET_VAR 'val currentRoute: kotlin.String? [val] declared in com.example.yandexsummerschool.ui.common.components.BottomNavigationBarKt.BottomNavigationBar$lambda$8' type=kotlin.String? origin=null
        WHEN type=kotlin.String? origin=WHEN
          BRANCH
            if: CALL 'public final fun EQEQ (arg0: kotlin.Any?, arg1: kotlin.Any?): kotlin.Boolean declared in kotlin.internal.ir' type=kotlin.Boolean origin=EQEQ
              arg0: GET_VAR 'val tmp6_subject: kotlin.String? [val] declared in com.example.yandexsummerschool.ui.common.components.BottomNavigationBarKt.BottomNavigationBar$lambda$8' type=kotlin.String? origin=null
              arg1: CALL 'public final fun <get-route> (): kotlin.String [fake_override] declared in com.example.yandexsummerschool.ui.navigation.Routes.MyHistoryScreen' type=kotlin.String origin=GET_PROPERTY
                $this: GET_FIELD 'FIELD FIELD_FOR_OBJECT_INSTANCE name:INSTANCE type:com.example.yandexsummerschool.ui.navigation.Routes.MyHistoryScreen visibility:public [final,static] declared in com.example.yandexsummerschool.ui.navigation.Routes.MyHistoryScreen' type=com.example.yandexsummerschool.ui.navigation.Routes.MyHistoryScreen origin=null
            then: BLOCK type=kotlin.String? origin=null
              BLOCK type=kotlin.String? origin=WHEN
                VAR IR_TEMPORARY_VARIABLE name:tmp7_subject type:kotlin.String? [val]
                  GET_VAR 'val operationType: kotlin.String? [val] declared in com.example.yandexsummerschool.ui.common.components.BottomNavigationBarKt.BottomNavigationBar$lambda$8' type=kotlin.String? origin=null
                WHEN type=kotlin.String? origin=WHEN
                  BRANCH
                    if: CALL 'public final fun EQEQ (arg0: kotlin.Any?, arg1: kotlin.Any?): kotlin.Boolean declared in kotlin.internal.ir' type=kotlin.Boolean origin=EQEQ
                      arg0: GET_VAR 'val tmp7_subject: kotlin.String? [val] declared in com.example.yandexsummerschool.ui.common.components.BottomNavigationBarKt.BottomNavigationBar$lambda$8' type=kotlin.String? origin=null
                      arg1: CALL 'public final fun <get-key> (): kotlin.String declared in com.example.yandexsummerschool.ui.common.TransactionType' type=kotlin.String origin=GET_PROPERTY
                        $this: GET_FIELD 'FIELD FIELD_FOR_ENUM_ENTRY name:EXPENSE type:com.example.yandexsummerschool.ui.common.TransactionType visibility:public [final,static] declared in com.example.yandexsummerschool.ui.common.TransactionType' type=com.example.yandexsummerschool.ui.common.TransactionType origin=null
                    then: CALL 'public final fun <get-route> (): kotlin.String [fake_override] declared in com.example.yandexsummerschool.ui.navigation.Routes.ExpensesScreen' type=kotlin.String origin=GET_PROPERTY
                      $this: GET_FIELD 'FIELD FIELD_FOR_OBJECT_INSTANCE name:INSTANCE type:com.example.yandexsummerschool.ui.navigation.Routes.ExpensesScreen visibility:public [final,static] declared in com.example.yandexsummerschool.ui.navigation.Routes.ExpensesScreen' type=com.example.yandexsummerschool.ui.navigation.Routes.ExpensesScreen origin=null
                  BRANCH
                    if: CALL 'public final fun EQEQ (arg0: kotlin.Any?, arg1: kotlin.Any?): kotlin.Boolean declared in kotlin.internal.ir' type=kotlin.Boolean origin=EQEQ
                      arg0: GET_VAR 'val tmp7_subject: kotlin.String? [val] declared in com.example.yandexsummerschool.ui.common.components.BottomNavigationBarKt.BottomNavigationBar$lambda$8' type=kotlin.String? origin=null
                      arg1: CALL 'public final fun <get-key> (): kotlin.String declared in com.example.yandexsummerschool.ui.common.TransactionType' type=kotlin.String origin=GET_PROPERTY
                        $this: GET_FIELD 'FIELD FIELD_FOR_ENUM_ENTRY name:INCOME type:com.example.yandexsummerschool.ui.common.TransactionType visibility:public [final,static] declared in com.example.yandexsummerschool.ui.common.TransactionType' type=com.example.yandexsummerschool.ui.common.TransactionType origin=null
                    then: CALL 'public final fun <get-route> (): kotlin.String [fake_override] declared in com.example.yandexsummerschool.ui.navigation.Routes.IncomesScreen' type=kotlin.String origin=GET_PROPERTY
                      $this: GET_FIELD 'FIELD FIELD_FOR_OBJECT_INSTANCE name:INSTANCE type:com.example.yandexsummerschool.ui.navigation.Routes.IncomesScreen visibility:public [final,static] declared in com.example.yandexsummerschool.ui.navigation.Routes.IncomesScreen' type=com.example.yandexsummerschool.ui.navigation.Routes.IncomesScreen origin=null
                  BRANCH
                    if: CONST Boolean type=kotlin.Boolean value=true
                    then: CONST Null type=kotlin.Nothing? value=null
          BRANCH
            if: CALL 'public final fun EQEQ (arg0: kotlin.Any?, arg1: kotlin.Any?): kotlin.Boolean declared in kotlin.internal.ir' type=kotlin.Boolean origin=EQEQ
              arg0: GET_VAR 'val tmp6_subject: kotlin.String? [val] declared in com.example.yandexsummerschool.ui.common.components.BottomNavigationBarKt.BottomNavigationBar$lambda$8' type=kotlin.String? origin=null
              arg1: CALL 'public final fun <get-route> (): kotlin.String [fake_override] declared in com.example.yandexsummerschool.ui.navigation.Routes.EditorAccountScreen' type=kotlin.String origin=GET_PROPERTY
                $this: GET_FIELD 'FIELD FIELD_FOR_OBJECT_INSTANCE name:INSTANCE type:com.example.yandexsummerschool.ui.navigation.Routes.EditorAccountScreen visibility:public [final,static] declared in com.example.yandexsummerschool.ui.navigation.Routes.EditorAccountScreen' type=com.example.yandexsummerschool.ui.navigation.Routes.EditorAccountScreen origin=null
            then: CALL 'public final fun <get-route> (): kotlin.String [fake_override] declared in com.example.yandexsummerschool.ui.navigation.Routes.AccountScreen' type=kotlin.String origin=GET_PROPERTY
              $this: GET_FIELD 'FIELD FIELD_FOR_OBJECT_INSTANCE name:INSTANCE type:com.example.yandexsummerschool.ui.navigation.Routes.AccountScreen visibility:public [final,static] declared in com.example.yandexsummerschool.ui.navigation.Routes.AccountScreen' type=com.example.yandexsummerschool.ui.navigation.Routes.AccountScreen origin=null
          BRANCH
            if: CALL 'public final fun EQEQ (arg0: kotlin.Any?, arg1: kotlin.Any?): kotlin.Boolean declared in kotlin.internal.ir' type=kotlin.Boolean origin=EQEQ
              arg0: GET_VAR 'val tmp6_subject: kotlin.String? [val] declared in com.example.yandexsummerschool.ui.common.components.BottomNavigationBarKt.BottomNavigationBar$lambda$8' type=kotlin.String? origin=null
              arg1: CALL 'public final fun <get-route> (): kotlin.String [fake_override] declared in com.example.yandexsummerschool.ui.navigation.Routes.AddTransactionScreen' type=kotlin.String origin=GET_PROPERTY
                $this: GET_FIELD 'FIELD FIELD_FOR_OBJECT_INSTANCE name:INSTANCE type:com.example.yandexsummerschool.ui.navigation.Routes.AddTransactionScreen visibility:public [final,static] declared in com.example.yandexsummerschool.ui.navigation.Routes.AddTransactionScreen' type=com.example.yandexsummerschool.ui.navigation.Routes.AddTransactionScreen origin=null
            then: BLOCK type=kotlin.String? origin=null
              BLOCK type=kotlin.String? origin=WHEN
                VAR IR_TEMPORARY_VARIABLE name:tmp8_subject type:kotlin.Boolean? [val]
                  GET_VAR 'val isIncome: kotlin.Boolean? [val] declared in com.example.yandexsummerschool.ui.common.components.BottomNavigationBarKt.BottomNavigationBar$lambda$8' type=kotlin.Boolean? origin=null
                WHEN type=kotlin.String? origin=WHEN
                  BRANCH
                    if: CALL 'public final fun EQEQ (arg0: kotlin.Any?, arg1: kotlin.Any?): kotlin.Boolean declared in kotlin.internal.ir' type=kotlin.Boolean origin=EQEQ
                      arg0: GET_VAR 'val tmp8_subject: kotlin.Boolean? [val] declared in com.example.yandexsummerschool.ui.common.components.BottomNavigationBarKt.BottomNavigationBar$lambda$8' type=kotlin.Boolean? origin=null
                      arg1: CONST Boolean type=kotlin.Boolean value=true
                    then: CALL 'public final fun <get-route> (): kotlin.String [fake_override] declared in com.example.yandexsummerschool.ui.navigation.Routes.IncomesScreen' type=kotlin.String origin=GET_PROPERTY
                      $this: GET_FIELD 'FIELD FIELD_FOR_OBJECT_INSTANCE name:INSTANCE type:com.example.yandexsummerschool.ui.navigation.Routes.IncomesScreen visibility:public [final,static] declared in com.example.yandexsummerschool.ui.navigation.Routes.IncomesScreen' type=com.example.yandexsummerschool.ui.navigation.Routes.IncomesScreen origin=null
                  BRANCH
                    if: CALL 'public final fun EQEQ (arg0: kotlin.Any?, arg1: kotlin.Any?): kotlin.Boolean declared in kotlin.internal.ir' type=kotlin.Boolean origin=EQEQ
                      arg0: GET_VAR 'val tmp8_subject: kotlin.Boolean? [val] declared in com.example.yandexsummerschool.ui.common.components.BottomNavigationBarKt.BottomNavigationBar$lambda$8' type=kotlin.Boolean? origin=null
                      arg1: CONST Boolean type=kotlin.Boolean value=false
                    then: CALL 'public final fun <get-route> (): kotlin.String [fake_override] declared in com.example.yandexsummerschool.ui.navigation.Routes.ExpensesScreen' type=kotlin.String origin=GET_PROPERTY
                      $this: GET_FIELD 'FIELD FIELD_FOR_OBJECT_INSTANCE name:INSTANCE type:com.example.yandexsummerschool.ui.navigation.Routes.ExpensesScreen visibility:public [final,static] declared in com.example.yandexsummerschool.ui.navigation.Routes.ExpensesScreen' type=com.example.yandexsummerschool.ui.navigation.Routes.ExpensesScreen origin=null
                  BRANCH
                    if: CALL 'public final fun EQEQ (arg0: kotlin.Any?, arg1: kotlin.Any?): kotlin.Boolean declared in kotlin.internal.ir' type=kotlin.Boolean origin=EQEQ
                      arg0: GET_VAR 'val tmp8_subject: kotlin.Boolean? [val] declared in com.example.yandexsummerschool.ui.common.components.BottomNavigationBarKt.BottomNavigationBar$lambda$8' type=kotlin.Boolean? origin=null
                      arg1: CONST Null type=kotlin.Nothing? value=null
                    then: CONST Null type=kotlin.Nothing? value=null
                  BRANCH
                    if: CONST Boolean type=kotlin.Boolean value=true
                    then: BLOCK type=kotlin.Nothing origin=null
                      CALL 'public final fun noWhenBranchMatchedException (): kotlin.Nothing declared in kotlin.internal.ir' type=kotlin.Nothing origin=null
                      CALL 'public final fun throwKotlinNothingValueException (): kotlin.Nothing declared in kotlin.jvm.internal.Intrinsics' type=kotlin.Nothing origin=null
          BRANCH
            if: CALL 'public final fun EQEQ (arg0: kotlin.Any?, arg1: kotlin.Any?): kotlin.Boolean declared in kotlin.internal.ir' type=kotlin.Boolean origin=EQEQ
              arg0: GET_VAR 'val tmp6_subject: kotlin.String? [val] declared in com.example.yandexsummerschool.ui.common.components.BottomNavigationBarKt.BottomNavigationBar$lambda$8' type=kotlin.String? origin=null
              arg1: CALL 'public final fun <get-route> (): kotlin.String [fake_override] declared in com.example.yandexsummerschool.ui.navigation.Routes.EditorTransactionScreen' type=kotlin.String origin=GET_PROPERTY
                $this: GET_FIELD 'FIELD FIELD_FOR_OBJECT_INSTANCE name:INSTANCE type:com.example.yandexsummerschool.ui.navigation.Routes.EditorTransactionScreen visibility:public [final,static] declared in com.example.yandexsummerschool.ui.navigation.Routes.EditorTransactionScreen' type=com.example.yandexsummerschool.ui.navigation.Routes.EditorTransactionScreen origin=null
            then: BLOCK type=kotlin.String? origin=null
              BLOCK type=kotlin.String? origin=WHEN
                VAR IR_TEMPORARY_VARIABLE name:tmp9_subject type:kotlin.Boolean? [val]
                  GET_VAR 'val isIncome: kotlin.Boolean? [val] declared in com.example.yandexsummerschool.ui.common.components.BottomNavigationBarKt.BottomNavigationBar$lambda$8' type=kotlin.Boolean? origin=null
                WHEN type=kotlin.String? origin=WHEN
                  BRANCH
                    if: CALL 'public final fun EQEQ (arg0: kotlin.Any?, arg1: kotlin.Any?): kotlin.Boolean declared in kotlin.internal.ir' type=kotlin.Boolean origin=EQEQ
                      arg0: GET_VAR 'val tmp9_subject: kotlin.Boolean? [val] declared in com.example.yandexsummerschool.ui.common.components.BottomNavigationBarKt.BottomNavigationBar$lambda$8' type=kotlin.Boolean? origin=null
                      arg1: CONST Boolean type=kotlin.Boolean value=true
                    then: CALL 'public final fun <get-route> (): kotlin.String [fake_override] declared in com.example.yandexsummerschool.ui.navigation.Routes.IncomesScreen' type=kotlin.String origin=GET_PROPERTY
                      $this: GET_FIELD 'FIELD FIELD_FOR_OBJECT_INSTANCE name:INSTANCE type:com.example.yandexsummerschool.ui.navigation.Routes.IncomesScreen visibility:public [final,static] declared in com.example.yandexsummerschool.ui.navigation.Routes.IncomesScreen' type=com.example.yandexsummerschool.ui.navigation.Routes.IncomesScreen origin=null
                  BRANCH
                    if: CALL 'public final fun EQEQ (arg0: kotlin.Any?, arg1: kotlin.Any?): kotlin.Boolean declared in kotlin.internal.ir' type=kotlin.Boolean origin=EQEQ
                      arg0: GET_VAR 'val tmp9_subject: kotlin.Boolean? [val] declared in com.example.yandexsummerschool.ui.common.components.BottomNavigationBarKt.BottomNavigationBar$lambda$8' type=kotlin.Boolean? origin=null
                      arg1: CONST Boolean type=kotlin.Boolean value=false
                    then: CALL 'public final fun <get-route> (): kotlin.String [fake_override] declared in com.example.yandexsummerschool.ui.navigation.Routes.ExpensesScreen' type=kotlin.String origin=GET_PROPERTY
                      $this: GET_FIELD 'FIELD FIELD_FOR_OBJECT_INSTANCE name:INSTANCE type:com.example.yandexsummerschool.ui.navigation.Routes.ExpensesScreen visibility:public [final,static] declared in com.example.yandexsummerschool.ui.navigation.Routes.ExpensesScreen' type=com.example.yandexsummerschool.ui.navigation.Routes.ExpensesScreen origin=null
                  BRANCH
                    if: CALL 'public final fun EQEQ (arg0: kotlin.Any?, arg1: kotlin.Any?): kotlin.Boolean declared in kotlin.internal.ir' type=kotlin.Boolean origin=EQEQ
                      arg0: GET_VAR 'val tmp9_subject: kotlin.Boolean? [val] declared in com.example.yandexsummerschool.ui.common.components.BottomNavigationBarKt.BottomNavigationBar$lambda$8' type=kotlin.Boolean? origin=null
                      arg1: CONST Null type=kotlin.Nothing? value=null
                    then: CONST Null type=kotlin.Nothing? value=null
                  BRANCH
                    if: CONST Boolean type=kotlin.Boolean value=true
                    then: BLOCK type=kotlin.Nothing origin=null
                      CALL 'public final fun noWhenBranchMatchedException (): kotlin.Nothing declared in kotlin.internal.ir' type=kotlin.Nothing origin=null
                      CALL 'public final fun throwKotlinNothingValueException (): kotlin.Nothing declared in kotlin.jvm.internal.Intrinsics' type=kotlin.Nothing origin=null
          BRANCH
            if: CALL 'public final fun EQEQ (arg0: kotlin.Any?, arg1: kotlin.Any?): kotlin.Boolean declared in kotlin.internal.ir' type=kotlin.Boolean origin=EQEQ
              arg0: GET_VAR 'val tmp6_subject: kotlin.String? [val] declared in com.example.yandexsummerschool.ui.common.components.BottomNavigationBarKt.BottomNavigationBar$lambda$8' type=kotlin.String? origin=null
              arg1: CALL 'public final fun <get-route> (): kotlin.String [fake_override] declared in com.example.yandexsummerschool.ui.navigation.Routes.AnalysisScreen' type=kotlin.String origin=GET_PROPERTY
                $this: GET_FIELD 'FIELD FIELD_FOR_OBJECT_INSTANCE name:INSTANCE type:com.example.yandexsummerschool.ui.navigation.Routes.AnalysisScreen visibility:public [final,static] declared in com.example.yandexsummerschool.ui.navigation.Routes.AnalysisScreen' type=com.example.yandexsummerschool.ui.navigation.Routes.AnalysisScreen origin=null
            then: BLOCK type=kotlin.String? origin=null
              BLOCK type=kotlin.String? origin=WHEN
                VAR IR_TEMPORARY_VARIABLE name:tmp10_subject type:kotlin.Boolean? [val]
                  GET_VAR 'val isIncome: kotlin.Boolean? [val] declared in com.example.yandexsummerschool.ui.common.components.BottomNavigationBarKt.BottomNavigationBar$lambda$8' type=kotlin.Boolean? origin=null
                WHEN type=kotlin.String? origin=WHEN
                  BRANCH
                    if: CALL 'public final fun EQEQ (arg0: kotlin.Any?, arg1: kotlin.Any?): kotlin.Boolean declared in kotlin.internal.ir' type=kotlin.Boolean origin=EQEQ
                      arg0: GET_VAR 'val tmp10_subject: kotlin.Boolean? [val] declared in com.example.yandexsummerschool.ui.common.components.BottomNavigationBarKt.BottomNavigationBar$lambda$8' type=kotlin.Boolean? origin=null
                      arg1: CONST Boolean type=kotlin.Boolean value=true
                    then: CALL 'public final fun <get-route> (): kotlin.String [fake_override] declared in com.example.yandexsummerschool.ui.navigation.Routes.IncomesScreen' type=kotlin.String origin=GET_PROPERTY
                      $this: GET_FIELD 'FIELD FIELD_FOR_OBJECT_INSTANCE name:INSTANCE type:com.example.yandexsummerschool.ui.navigation.Routes.IncomesScreen visibility:public [final,static] declared in com.example.yandexsummerschool.ui.navigation.Routes.IncomesScreen' type=com.example.yandexsummerschool.ui.navigation.Routes.IncomesScreen origin=null
                  BRANCH
                    if: CALL 'public final fun EQEQ (arg0: kotlin.Any?, arg1: kotlin.Any?): kotlin.Boolean declared in kotlin.internal.ir' type=kotlin.Boolean origin=EQEQ
                      arg0: GET_VAR 'val tmp10_subject: kotlin.Boolean? [val] declared in com.example.yandexsummerschool.ui.common.components.BottomNavigationBarKt.BottomNavigationBar$lambda$8' type=kotlin.Boolean? origin=null
                      arg1: CONST Boolean type=kotlin.Boolean value=false
                    then: CALL 'public final fun <get-route> (): kotlin.String [fake_override] declared in com.example.yandexsummerschool.ui.navigation.Routes.ExpensesScreen' type=kotlin.String origin=GET_PROPERTY
                      $this: GET_FIELD 'FIELD FIELD_FOR_OBJECT_INSTANCE name:INSTANCE type:com.example.yandexsummerschool.ui.navigation.Routes.ExpensesScreen visibility:public [final,static] declared in com.example.yandexsummerschool.ui.navigation.Routes.ExpensesScreen' type=com.example.yandexsummerschool.ui.navigation.Routes.ExpensesScreen origin=null
                  BRANCH
                    if: CALL 'public final fun EQEQ (arg0: kotlin.Any?, arg1: kotlin.Any?): kotlin.Boolean declared in kotlin.internal.ir' type=kotlin.Boolean origin=EQEQ
                      arg0: GET_VAR 'val tmp10_subject: kotlin.Boolean? [val] declared in com.example.yandexsummerschool.ui.common.components.BottomNavigationBarKt.BottomNavigationBar$lambda$8' type=kotlin.Boolean? origin=null
                      arg1: CONST Null type=kotlin.Nothing? value=null
                    then: CONST Null type=kotlin.Nothing? value=null
                  BRANCH
                    if: CONST Boolean type=kotlin.Boolean value=true
                    then: BLOCK type=kotlin.Nothing origin=null
                      CALL 'public final fun noWhenBranchMatchedException (): kotlin.Nothing declared in kotlin.internal.ir' type=kotlin.Nothing origin=null
                      CALL 'public final fun throwKotlinNothingValueException (): kotlin.Nothing declared in kotlin.jvm.internal.Intrinsics' type=kotlin.Nothing origin=null
          BRANCH
            if: CONST Boolean type=kotlin.Boolean value=true
            then: GET_VAR 'val currentRoute: kotlin.String? [val] declared in com.example.yandexsummerschool.ui.common.components.BottomNavigationBarKt.BottomNavigationBar$lambda$8' type=kotlin.String? origin=null
    CALL 'public final fun Row$default (modifier: androidx.compose.ui.Modifier?, horizontalArrangement: androidx.compose.foundation.layout.Arrangement.Horizontal?, verticalAlignment: androidx.compose.ui.Alignment.Vertical?, content: @[Composable] @[ExtensionFunctionType] kotlin.Function1<androidx.compose.foundation.layout.RowScope, kotlin.Unit>, $mask0: kotlin.Int, $handler: kotlin.Any?): kotlin.Unit [inline] declared in androidx.compose.foundation.layout.RowKt' type=kotlin.Unit origin=DEFAULT_DISPATCH_CALL
      modifier: CALL 'public final fun padding-VpY3zN4$default (horizontal: androidx.compose.ui.unit.Dp, vertical: androidx.compose.ui.unit.Dp, $mask0: kotlin.Int, $handler: kotlin.Any?): androidx.compose.ui.Modifier declared in androidx.compose.foundation.layout.PaddingKt' type=androidx.compose.ui.Modifier origin=DEFAULT_DISPATCH_CALL
        $receiver: GET_FIELD 'FIELD FIELD_FOR_OBJECT_INSTANCE name:Companion type:androidx.compose.ui.Modifier.Companion visibility:public [final,static] declared in androidx.compose.ui.Modifier' type=androidx.compose.ui.Modifier.Companion origin=null
        horizontal: CALL 'public final fun <get-dp> (): androidx.compose.ui.unit.Dp [inline] declared in androidx.compose.ui.unit.DpKt' type=androidx.compose.ui.unit.Dp origin=GET_PROPERTY
          $receiver: CONST Int type=kotlin.Int value=4
        vertical: COMPOSITE type=androidx.compose.ui.unit.Dp origin=DEFAULT_VALUE
          CALL 'public final fun <unsafe-coerce> <T, R> (v: T of kotlin.jvm.internal.<unsafe-coerce>): R of kotlin.jvm.internal.<unsafe-coerce> declared in kotlin.jvm.internal' type=androidx.compose.ui.unit.Dp origin=null
            <T>: kotlin.Float
            <R>: androidx.compose.ui.unit.Dp
            v: CONST Float type=kotlin.Float value=0.0
        $mask0: CONST Int type=kotlin.Int value=2
        $handler: CONST Null type=kotlin.Any? value=null
      horizontalArrangement: COMPOSITE type=androidx.compose.foundation.layout.Arrangement.Horizontal? origin=DEFAULT_VALUE
        CONST Null type=androidx.compose.foundation.layout.Arrangement.Horizontal? value=null
      verticalAlignment: COMPOSITE type=androidx.compose.ui.Alignment.Vertical? origin=DEFAULT_VALUE
        CONST Null type=androidx.compose.ui.Alignment.Vertical? value=null
      content: BLOCK type=@[ExtensionFunctionType] kotlin.Function1<androidx.compose.foundation.layout.RowScope, kotlin.Unit> origin=LAMBDA
        COMPOSITE type=kotlin.Unit origin=null
        FUNCTION_REFERENCE 'private final fun BottomNavigationBar$lambda$8$lambda$7 ($rootRoute: kotlin.String?, $navController: androidx.navigation.NavController): kotlin.Unit declared in com.example.yandexsummerschool.ui.common.components.BottomNavigationBarKt' type=@[ExtensionFunctionType] kotlin.Function1<androidx.compose.foundation.layout.RowScope, kotlin.Unit> origin=INLINE_LAMBDA reflectionTarget=null
          $rootRoute: GET_VAR 'val rootRoute: kotlin.String? [val] declared in com.example.yandexsummerschool.ui.common.components.BottomNavigationBarKt.BottomNavigationBar$lambda$8' type=kotlin.String? origin=null
          $navController: GET_VAR '$navController: androidx.navigation.NavController declared in com.example.yandexsummerschool.ui.common.components.BottomNavigationBarKt.BottomNavigationBar$lambda$8' type=androidx.navigation.NavController origin=null
      $mask0: CONST Int type=kotlin.Int value=6
      $handler: CONST Null type=kotlin.Any? value=null

	at org.jetbrains.kotlin.backend.jvm.codegen.FunctionCodegen.generate(FunctionCodegen.kt:48)
	at org.jetbrains.kotlin.backend.jvm.codegen.FunctionCodegen.generate$default(FunctionCodegen.kt:41)
	at org.jetbrains.kotlin.backend.jvm.codegen.ClassCodegen.generateMethodNode(ClassCodegen.kt:405)
	at org.jetbrains.kotlin.backend.jvm.codegen.ClassCodegen.generateMethod(ClassCodegen.kt:422)
	at org.jetbrains.kotlin.backend.jvm.codegen.ClassCodegen.generate(ClassCodegen.kt:167)
	at org.jetbrains.kotlin.backend.jvm.JvmIrCodegenFactory.generateFile$lambda$18(JvmIrCodegenFactory.kt:398)
	at org.jetbrains.kotlin.backend.common.phaser.PhaseBuildersKt$createSimpleNamedCompilerPhase$1.phaseBody(PhaseBuilders.kt:68)
	at org.jetbrains.kotlin.config.phaser.SimpleNamedCompilerPhase.phaseBody(CompilerPhase.kt:215)
	at org.jetbrains.kotlin.config.phaser.NamedCompilerPhase.invoke(CompilerPhase.kt:111)
	at org.jetbrains.kotlin.backend.common.phaser.PerformByIrFilePhase.invokeSequential(performByIrFile.kt:51)
	... 45 more
Caused by: org.jetbrains.kotlin.codegen.CompilationException: Back-end (JVM) Internal error: Couldn't inline method call: CALL 'public final fun Row$default (modifier: androidx.compose.ui.Modifier?, horizontalArrangement: androidx.compose.foundation.layout.Arrangement.Horizontal?, verticalAlignment: androidx.compose.ui.Alignment.Vertical?, content: @[Composable] @[ExtensionFunctionType] kotlin.Function1<androidx.compose.foundation.layout.RowScope, kotlin.Unit>, $mask0: kotlin.Int, $handler: kotlin.Any?): kotlin.Unit [inline] declared in androidx.compose.foundation.layout.RowKt' type=kotlin.Unit origin=DEFAULT_DISPATCH_CALL
Method: null
File is unknown
The root cause java.lang.IllegalStateException was thrown at: org.jetbrains.kotlin.codegen.inline.SourceCompilerForInlineKt.getMethodNode(SourceCompilerForInline.kt:128)
	at org.jetbrains.kotlin.codegen.inline.InlineCodegen.performInline(InlineCodegen.kt:65)
	at org.jetbrains.kotlin.backend.jvm.codegen.IrInlineCodegen.genInlineCall(IrInlineCodegen.kt:163)
	at org.jetbrains.kotlin.backend.jvm.codegen.IrInlineCallGenerator.genCall(IrInlineCallGenerator.kt:36)
	at org.jetbrains.kotlin.backend.jvm.codegen.ExpressionCodegen.visitCall(ExpressionCodegen.kt:594)
	at org.jetbrains.kotlin.backend.jvm.codegen.ExpressionCodegen.visitCall(ExpressionCodegen.kt:135)
	at org.jetbrains.kotlin.ir.expressions.IrCall.accept(IrCall.kt:24)
	at org.jetbrains.kotlin.backend.jvm.codegen.ExpressionCodegen.visitStatementContainer(ExpressionCodegen.kt:520)
	at org.jetbrains.kotlin.backend.jvm.codegen.ExpressionCodegen.visitBlockBody(ExpressionCodegen.kt:525)
	at org.jetbrains.kotlin.backend.jvm.codegen.ExpressionCodegen.visitBlockBody(ExpressionCodegen.kt:135)
	at org.jetbrains.kotlin.ir.expressions.IrBlockBody.accept(IrBlockBody.kt:20)
	at org.jetbrains.kotlin.backend.jvm.codegen.ExpressionCodegen.generate(ExpressionCodegen.kt:237)
	at org.jetbrains.kotlin.backend.jvm.codegen.FunctionCodegen.doGenerate(FunctionCodegen.kt:124)
	at org.jetbrains.kotlin.backend.jvm.codegen.FunctionCodegen.generate(FunctionCodegen.kt:45)
	... 54 more
Caused by: java.lang.IllegalStateException: couldn't find inline method Landroidx/compose/foundation/layout/RowKt;.Row$default(Landroidx/compose/ui/Modifier;Landroidx/compose/foundation/layout/Arrangement$Horizontal;Landroidx/compose/ui/Alignment$Vertical;Lkotlin/jvm/functions/Function1;ILjava/lang/Object;)V
	at org.jetbrains.kotlin.codegen.inline.SourceCompilerForInlineKt.getMethodNode(SourceCompilerForInline.kt:128)
	at org.jetbrains.kotlin.codegen.inline.SourceCompilerForInlineKt.loadCompiledInlineFunction(SourceCompilerForInline.kt:97)
	at org.jetbrains.kotlin.backend.jvm.codegen.IrSourceCompilerForInline.compileInlineFunction(IrSourceCompilerForInline.kt:92)
	at org.jetbrains.kotlin.codegen.inline.InlineCodegen.compileInline(InlineCodegen.kt:42)
	at org.jetbrains.kotlin.codegen.inline.InlineCodegen.performInline(InlineCodegen.kt:50)
	... 66 more


